<?xml version="1.0" encoding="UTF-8"?>
<!-- Generated by org.testng.reporters.JUnitXMLReporter -->
<testsuite ignored="0" hostname="LAPTOP-J6V7M0GL" failures="0" tests="3" name="Default test" time="286.519" errors="0" timestamp="2024-04-05T18:39:28 IST">
  <testcase classname="SeleniumTraining.exceldataProvider" name="testCaseData" time="0.01"/>
  <testcase classname="SeleniumTraining.exceldataProvider" name="testCaseData" time="0.003"/>
  <testcase classname="SeleniumTraining.exceldataProvider" name="testCaseData" time="0.007"/>
</testsuite> <!-- Default test -->
